<?xml version="1.0" encoding="UTF-8"?>
<testng-results ignored="0" total="1" passed="1" failed="0" skipped="0">
  <reporter-output>
  </reporter-output>
  <suite started-at="2024-05-26T21:27:12 IST" name="Suite" finished-at="2024-05-26T21:27:35 IST" duration-ms="22475">
    <groups>
    </groups>
    <test started-at="2024-05-26T21:27:12 IST" name="Test" finished-at="2024-05-26T21:27:35 IST" duration-ms="22475">
      <class name="FreshHarvest.frameworkDesign.StandaloneTest">
        <test-method is-config="true" signature="launchApplication()[pri:0, instance:FreshHarvest.frameworkDesign.StandaloneTest@1921ad94]" started-at="2024-05-26T21:27:13 IST" name="launchApplication" finished-at="2024-05-26T21:27:24 IST" duration-ms="11168" status="PASS">
          <reporter-output>
          </reporter-output>
        </test-method> <!-- launchApplication -->
        <test-method signature="placeOrder()[pri:0, instance:FreshHarvest.frameworkDesign.StandaloneTest@1921ad94]" started-at="2024-05-26T21:27:24 IST" name="placeOrder" finished-at="2024-05-26T21:27:33 IST" duration-ms="9753" status="PASS">
          <reporter-output>
          </reporter-output>
        </test-method> <!-- placeOrder -->
        <test-method is-config="true" signature="tearDown()[pri:0, instance:FreshHarvest.frameworkDesign.StandaloneTest@1921ad94]" started-at="2024-05-26T21:27:34 IST" name="tearDown" finished-at="2024-05-26T21:27:35 IST" duration-ms="1217" status="PASS">
          <reporter-output>
          </reporter-output>
        </test-method> <!-- tearDown -->
      </class> <!-- FreshHarvest.frameworkDesign.StandaloneTest -->
    </test> <!-- Test -->
  </suite> <!-- Suite -->
</testng-results>
